<?xml version="1.0" encoding="UTF-8"?>
<!-- Generated by org.testng.reporters.JUnitReportReporter -->
<testsuite hostname="DESKTOP-SP3S9M1" name="com.testpackage.Parameter" tests="2" failures="0" timestamp="8 Nov 2019 09:14:47 GMT" time="21.370" errors="0">
  <testcase name="Login" time="21.368" classname="com.testpackage.Parameter"/>
  <testcase name="LoginTest" time="0.002" classname="com.testpackage.Parameter"/>
</testsuite> <!-- com.testpackage.Parameter -->
