<?xml version="1.0" encoding="UTF-8"?>
<!-- Generated by org.testng.reporters.JUnitReportReporter -->
<testsuite hostname="DESKTOP-SP3S9M1" name="Datapro" tests="4" failures="0" timestamp="3 Jan 2020 09:14:38 GMT" time="102.131" errors="0">
  <testcase name="login" time="21.280" classname="Datapro"/>
  <testcase name="login" time="35.246" classname="Datapro"/>
  <testcase name="login" time="23.726" classname="Datapro"/>
  <testcase name="login" time="21.879" classname="Datapro"/>
</testsuite> <!-- Datapro -->
