<?xml version="1.0" encoding="UTF-8"?>
<!-- Generated by org.testng.reporters.JUnitReportReporter -->
<testsuite hostname="DESKTOP-SP3S9M1" name="dataProvider.DataProviderTest" tests="3" failures="0" timestamp="3 Jan 2020 04:22:50 GMT" time="0.030" errors="0">
  <testcase name="login" time="0.026" classname="dataProvider.DataProviderTest"/>
  <testcase name="login" time="0.002" classname="dataProvider.DataProviderTest"/>
  <testcase name="login" time="0.002" classname="dataProvider.DataProviderTest"/>
</testsuite> <!-- dataProvider.DataProviderTest -->
