<?xml version="1.0" encoding="UTF-8"?>
<!-- Generated by org.testng.reporters.JUnitReportReporter -->
<testsuite hostname="DESKTOP-SP3S9M1" name="com.testpackage.Day1" tests="2" failures="0" timestamp="4 Nov 2019 09:35:22 GMT" time="0.032" errors="0">
  <testcase name="Demo" time="0.032" classname="com.testpackage.Day1"/>
  <testcase name="second" time="0.000" classname="com.testpackage.Day1"/>
</testsuite> <!-- com.testpackage.Day1 -->
