<?xml version="1.0" encoding="UTF-8"?>
<!-- Generated by org.testng.reporters.JUnitReportReporter -->
<testsuite hostname="DESKTOP-SP3S9M1" name="com.testpackage.Day3" tests="2" failures="0" timestamp="4 Nov 2019 09:35:22 GMT" time="0.000" errors="0">
  <testcase name="weblogin" time="0.000" classname="com.testpackage.Day3"/>
  <testcase name="apitesting" time="0.000" classname="com.testpackage.Day3"/>
</testsuite> <!-- com.testpackage.Day3 -->
